<?xml version="1.0" encoding="UTF-8"?>
<!-- Generated by org.testng.reporters.JUnitXMLReporter -->
<testsuite ignored="1" hostname="DESKTOP-7DHESB3" failures="0" tests="1" name="Default test" time="9.352" errors="0" timestamp="2021-12-06T15:03:42 IST">
  <testcase classname="com.demo.tests.UpdateMethod" name="updateList" time="6.587"/>
  <testcase classname="com.demo.tests.UpdateMethod" name="patchTest" time="0.0">
    <ignored/>
  </testcase> <!-- patchTest -->
</testsuite> <!-- Default test -->
