<?xml version="1.0" encoding="UTF-8"?>
<!-- Generated by org.testng.reporters.JUnitXMLReporter -->
<testsuite ignored="0" hostname="DESKTOP-7DHESB3" failures="0" tests="5" name="Default test" time="12.941" errors="0" timestamp="2021-12-07T16:32:38 IST">
  <testcase classname="com.demo.tests.APIAssertionTest" name="createUserandValidate" time="7.257"/>
  <testcase classname="com.demo.tests.APIAssertionTest" name="deleteMethod" time="0.737"/>
  <testcase classname="com.demo.tests.APIAssertionTest" name="getUsers" time="0.977"/>
  <testcase classname="com.demo.tests.APIAssertionTest" name="getUsersById" time="0.61"/>
  <testcase classname="com.demo.tests.APIAssertionTest" name="updateAndValidate" time="0.685"/>
</testsuite> <!-- Default test -->
