<?xml version="1.0" encoding="UTF-8"?>
<testng-results ignored="0" total="2" passed="2" failed="0" skipped="0">
  <reporter-output>
  </reporter-output>
  <suite started-at="2021-12-06T12:21:37 IST" name="Default suite" finished-at="2021-12-06T12:21:46 IST" duration-ms="8622">
    <groups>
    </groups>
    <test started-at="2021-12-06T12:21:37 IST" name="Default test" finished-at="2021-12-06T12:21:46 IST" duration-ms="8622">
      <class name="com.demo.tests.PostMethod">
        <test-method is-config="true" signature="setUp()[pri:0, instance:com.demo.tests.PostMethod@67c33749]" started-at="2021-12-06T12:21:37 IST" name="setUp" finished-at="2021-12-06T12:21:40 IST" duration-ms="2789" status="PASS">
          <reporter-output>
          </reporter-output>
        </test-method> <!-- setUp -->
        <test-method signature="postData()[pri:0, instance:com.demo.tests.PostMethod@67c33749]" started-at="2021-12-06T12:21:40 IST" name="postData" finished-at="2021-12-06T12:21:46 IST" duration-ms="5619" status="PASS">
          <reporter-output>
          </reporter-output>
        </test-method> <!-- postData -->
        <test-method signature="sample()[pri:0, instance:com.demo.tests.PostMethod@67c33749]" started-at="2021-12-06T12:21:46 IST" name="sample" finished-at="2021-12-06T12:21:46 IST" duration-ms="30" status="PASS">
          <reporter-output>
          </reporter-output>
        </test-method> <!-- sample -->
      </class> <!-- com.demo.tests.PostMethod -->
    </test> <!-- Default test -->
  </suite> <!-- Default suite -->
</testng-results>
