<?xml version="1.0" encoding="UTF-8"?>
<testng-results ignored="0" total="5" passed="5" failed="0" skipped="0">
  <reporter-output>
  </reporter-output>
  <suite started-at="2021-12-07T16:32:25 IST" name="Default suite" finished-at="2021-12-07T16:32:38 IST" duration-ms="12941">
    <groups>
    </groups>
    <test started-at="2021-12-07T16:32:25 IST" name="Default test" finished-at="2021-12-07T16:32:38 IST" duration-ms="12941">
      <class name="com.demo.tests.APIAssertionTest">
        <test-method is-config="true" signature="setUpBaseURI()[pri:0, instance:com.demo.tests.APIAssertionTest@1a18644]" started-at="2021-12-07T16:32:25 IST" name="setUpBaseURI" finished-at="2021-12-07T16:32:28 IST" duration-ms="2542" status="PASS">
          <reporter-output>
          </reporter-output>
        </test-method> <!-- setUpBaseURI -->
        <test-method signature="createUserandValidate()[pri:0, instance:com.demo.tests.APIAssertionTest@1a18644]" started-at="2021-12-07T16:32:28 IST" name="createUserandValidate" finished-at="2021-12-07T16:32:35 IST" duration-ms="7257" status="PASS">
          <reporter-output>
          </reporter-output>
        </test-method> <!-- createUserandValidate -->
        <test-method signature="deleteMethod()[pri:0, instance:com.demo.tests.APIAssertionTest@1a18644]" started-at="2021-12-07T16:32:35 IST" name="deleteMethod" finished-at="2021-12-07T16:32:36 IST" duration-ms="737" status="PASS">
          <reporter-output>
          </reporter-output>
        </test-method> <!-- deleteMethod -->
        <test-method signature="getUsers()[pri:0, instance:com.demo.tests.APIAssertionTest@1a18644]" started-at="2021-12-07T16:32:36 IST" name="getUsers" finished-at="2021-12-07T16:32:37 IST" duration-ms="977" status="PASS">
          <reporter-output>
          </reporter-output>
        </test-method> <!-- getUsers -->
        <test-method signature="getUsersById()[pri:0, instance:com.demo.tests.APIAssertionTest@1a18644]" started-at="2021-12-07T16:32:37 IST" name="getUsersById" finished-at="2021-12-07T16:32:37 IST" duration-ms="610" status="PASS">
          <reporter-output>
          </reporter-output>
        </test-method> <!-- getUsersById -->
        <test-method signature="updateAndValidate()[pri:0, instance:com.demo.tests.APIAssertionTest@1a18644]" started-at="2021-12-07T16:32:37 IST" name="updateAndValidate" finished-at="2021-12-07T16:32:38 IST" duration-ms="685" status="PASS">
          <reporter-output>
          </reporter-output>
        </test-method> <!-- updateAndValidate -->
      </class> <!-- com.demo.tests.APIAssertionTest -->
    </test> <!-- Default test -->
  </suite> <!-- Default suite -->
</testng-results>
